2020-03-16 13:54:30.348  INFO 83084 --- [restartedMain] ootTicketBookingManagementAppApplication : Starting SpringbootTicketBookingManagementAppApplication on WS10-HRRDIS053 with PID 83084 (D:\Practice\SpringbootTicketBookingManagementApp\target\classes started by gargv in D:\Practice\SpringbootTicketBookingManagementApp)
2020-03-16 13:54:30.348  INFO 83084 --- [restartedMain] ootTicketBookingManagementAppApplication : No active profile set, falling back to default profiles: default
2020-03-16 13:54:30.723  INFO 83084 --- [restartedMain] .s.d.r.c.RepositoryConfigurationDelegate : Bootstrapping Spring Data JPA repositories in DEFAULT mode.
2020-03-16 13:54:30.755  INFO 83084 --- [restartedMain] .s.d.r.c.RepositoryConfigurationDelegate : Finished Spring Data repository scanning in 17ms. Found 1 JPA repository interfaces.
2020-03-16 13:54:30.848  INFO 83084 --- [restartedMain] trationDelegate$BeanPostProcessorChecker : Bean 'org.springframework.transaction.annotation.ProxyTransactionManagementConfiguration' of type [org.springframework.transaction.annotation.ProxyTransactionManagementConfiguration] is not eligible for getting processed by all BeanPostProcessors (for example: not eligible for auto-proxying)
2020-03-16 13:54:31.036  INFO 83084 --- [restartedMain] o.s.b.w.embedded.tomcat.TomcatWebServer  : Tomcat initialized with port(s): 8080 (http)
2020-03-16 13:54:31.036  INFO 83084 --- [restartedMain] o.apache.catalina.core.StandardService   : Starting service [Tomcat]
2020-03-16 13:54:31.036  INFO 83084 --- [restartedMain] org.apache.catalina.core.StandardEngine  : Starting Servlet engine: [Apache Tomcat/9.0.30]
2020-03-16 13:54:31.083  INFO 83084 --- [restartedMain] o.a.c.c.C.[Tomcat].[localhost].[/]       : Initializing Spring embedded WebApplicationContext
2020-03-16 13:54:31.083  INFO 83084 --- [restartedMain] o.s.web.context.ContextLoader            : Root WebApplicationContext: initialization completed in 735 ms
2020-03-16 13:54:31.348  INFO 83084 --- [restartedMain] o.hibernate.jpa.internal.util.LogHelper  : HHH000204: Processing PersistenceUnitInfo [name: default]
2020-03-16 13:54:31.364  INFO 83084 --- [restartedMain] com.zaxxer.hikari.HikariDataSource       : HikariPool-3 - Starting...
2020-03-16 13:54:31.364  INFO 83084 --- [restartedMain] com.zaxxer.hikari.HikariDataSource       : HikariPool-3 - Start completed.
2020-03-16 13:54:31.364  INFO 83084 --- [restartedMain] org.hibernate.dialect.Dialect            : HHH000400: Using dialect: org.hibernate.dialect.MySQL55Dialect
2020-03-16 13:54:31.426  INFO 83084 --- [restartedMain] o.h.e.t.j.p.i.JtaPlatformInitiator       : HHH000490: Using JtaPlatform implementation: [org.hibernate.engine.transaction.jta.platform.internal.NoJtaPlatform]
2020-03-16 13:54:31.426  INFO 83084 --- [restartedMain] j.LocalContainerEntityManagerFactoryBean : Initialized JPA EntityManagerFactory for persistence unit 'default'
2020-03-16 13:54:31.442  INFO 83084 --- [restartedMain] o.s.b.d.a.OptionalLiveReloadServer       : LiveReload server is running on port 35729
2020-03-16 13:54:31.630  WARN 83084 --- [restartedMain] JpaBaseConfiguration$JpaWebConfiguration : spring.jpa.open-in-view is enabled by default. Therefore, database queries may be performed during view rendering. Explicitly configure spring.jpa.open-in-view to disable this warning
2020-03-16 13:54:31.708  INFO 83084 --- [restartedMain] o.s.s.concurrent.ThreadPoolTaskExecutor  : Initializing ExecutorService 'applicationTaskExecutor'
2020-03-16 13:54:31.864  INFO 83084 --- [restartedMain] o.s.b.a.e.web.EndpointLinksResolver      : Exposing 2 endpoint(s) beneath base path '/actuator'
2020-03-16 13:54:31.911  INFO 83084 --- [restartedMain] o.s.b.w.embedded.tomcat.TomcatWebServer  : Tomcat started on port(s): 8080 (http) with context path ''
2020-03-16 13:54:31.911  INFO 83084 --- [restartedMain] ootTicketBookingManagementAppApplication : Started SpringbootTicketBookingManagementAppApplication in 1.609 seconds (JVM running for 208.521)
2020-03-16 13:54:31.958  INFO 83084 --- [restartedMain] .ConditionEvaluationDeltaLoggingListener : Condition evaluation delta:


==========================
CONDITION EVALUATION DELTA
==========================


Positive matches:
-----------------

   LogFileWebEndpointAutoConfiguration#logFileWebEndpoint matched:
      - Log File found logging.file.path logs (LogFileWebEndpointAutoConfiguration.LogFileCondition)
      - @ConditionalOnBean (types: org.springframework.boot.actuate.logging.LogFileWebEndpoint; SearchStrategy: all) did not find any beans (OnBeanCondition)


Negative matches:
-----------------

    None


Exclusions:
-----------

    None


Unconditional classes:
----------------------

    None



2020-03-16 13:54:31.958 ERROR 83084 --- [restartedMain] ootTicketBookingManagementAppApplication : Message lohgged at error level
2020-03-16 13:54:31.958  WARN 83084 --- [restartedMain] ootTicketBookingManagementAppApplication : Message lohgged at warn level
2020-03-16 13:54:31.958  INFO 83084 --- [restartedMain] ootTicketBookingManagementAppApplication : Message lohgged at info level
2020-03-16 13:55:32.870  INFO 83084 --- [http-nio-8080-exec-1] o.a.c.c.C.[Tomcat].[localhost].[/]       : Initializing Spring DispatcherServlet 'dispatcherServlet'
2020-03-16 13:55:32.871  INFO 83084 --- [http-nio-8080-exec-1] o.s.web.servlet.DispatcherServlet        : Initializing Servlet 'dispatcherServlet'
2020-03-16 13:55:32.879  INFO 83084 --- [http-nio-8080-exec-1] o.s.web.servlet.DispatcherServlet        : Completed initialization in 7 ms
2020-03-16 13:55:32.915  INFO 83084 --- [http-nio-8080-exec-1] ootTicketBookingManagementAppApplication : Message lohgged at info level
